<?xml version="1.0" encoding="UTF-8"?>
<testsuite xmlns:xsi="http://www.w3.org/2001/XMLSchema-instance" xsi:noNamespaceSchemaLocation="https://maven.apache.org/surefire/maven-surefire-plugin/xsd/surefire-test-report-3.0.xsd" version="3.0" name="Mesto1Test" time="6.918" tests="2" errors="0" skipped="0" failures="0">
  <properties>
[...]
</properties>
  <testcase name="likeTheFirstPhoto" classname="Mesto1Test" time="6.088"/>
  <testcase name="addNewPhoto" classname="Mesto1Test" time="0.716"/>
</testsuite>